<?xml version="1.0" encoding="UTF-8"?>
<robot generator="Robot 3.1.2 (Python 3.8.2 on win32)" generated="20200505 15:15:34.741" rpa="false">
<suite id="s1" name="Tests" source="c:\qaninja\ninjapixel\tests">
<suite id="s1-s1" name="Cadastro" source="c:\qaninja\ninjapixel\tests\cadastro.robot">
<test id="s1-s1-t1" name="Disponibilizar produto">
<kw name="Open Session" library="BasePage" type="setup">
<kw name="Open Chrome" library="BasePage">
<kw name="Open Browser" library="SeleniumLibrary">
<doc>Opens a new browser instance to the optional ``url``.</doc>
<arguments>
<arg>${base_url}/login</arg>
<arg>chrome</arg>
<arg>options=add_experimental_option('excludeSwitches', ['enable-logging'])</arg>
</arguments>
<msg timestamp="20200505 15:15:34.949" level="INFO">Opening browser 'chrome' to base url 'http://pixel-web:3000/login'.</msg>
<status status="PASS" starttime="20200505 15:15:34.949" endtime="20200505 15:15:40.635"></status>
</kw>
<status status="PASS" starttime="20200505 15:15:34.949" endtime="20200505 15:15:40.635"></status>
</kw>
<kw name="Set Selenium Implicit Wait" library="SeleniumLibrary">
<doc>Sets the implicit wait value used by Selenium.</doc>
<arguments>
<arg>5</arg>
</arguments>
<status status="PASS" starttime="20200505 15:15:40.635" endtime="20200505 15:15:40.637"></status>
</kw>
<kw name="Set Window Size" library="SeleniumLibrary">
<doc>Sets current windows size to given ``width`` and ``height``.</doc>
<arguments>
<arg>1280</arg>
<arg>800</arg>
</arguments>
<status status="PASS" starttime="20200505 15:15:40.637" endtime="20200505 15:15:42.756"></status>
</kw>
<status status="PASS" starttime="20200505 15:15:34.948" endtime="20200505 15:15:42.756"></status>
</kw>
<kw name="Dado que estou logado" library="actions">
<kw name="Login Com" library="LoginPage">
<arguments>
<arg>papito@ninjapixel.com</arg>
<arg>pwd123</arg>
</arguments>
<kw name="Input Text" library="SeleniumLibrary">
<doc>Types the given ``text`` into the text field identified by ``locator``.</doc>
<arguments>
<arg>id:emailId</arg>
<arg>${email}</arg>
</arguments>
<msg timestamp="20200505 15:15:42.757" level="INFO">Typing text 'papito@ninjapixel.com' into text field 'id:emailId'.</msg>
<status status="PASS" starttime="20200505 15:15:42.757" endtime="20200505 15:15:42.895"></status>
</kw>
<kw name="Input Text" library="SeleniumLibrary">
<doc>Types the given ``text`` into the text field identified by ``locator``.</doc>
<arguments>
<arg>id:passId</arg>
<arg>${pass}</arg>
</arguments>
<msg timestamp="20200505 15:15:42.895" level="INFO">Typing text 'pwd123' into text field 'id:passId'.</msg>
<status status="PASS" starttime="20200505 15:15:42.895" endtime="20200505 15:15:42.988"></status>
</kw>
<kw name="Click Element" library="SeleniumLibrary">
<doc>Click the element identified by ``locator``.</doc>
<arguments>
<arg>class:btn</arg>
</arguments>
<msg timestamp="20200505 15:15:42.988" level="INFO">Clicking element 'class:btn'.</msg>
<status status="PASS" starttime="20200505 15:15:42.988" endtime="20200505 15:15:43.085"></status>
</kw>
<status status="PASS" starttime="20200505 15:15:42.757" endtime="20200505 15:15:43.086"></status>
</kw>
<status status="PASS" starttime="20200505 15:15:42.756" endtime="20200505 15:15:43.086"></status>
</kw>
<kw name="Quando eu faço o cadastro desse produto" library="actions">
<arguments>
<arg>dk.json</arg>
</arguments>
<kw name="Get File" library="OperatingSystem">
<doc>Returns the contents of a specified file.</doc>
<arguments>
<arg>resources/fixtures/${json_file}</arg>
</arguments>
<assign>
<var>${product_file}</var>
</assign>
<msg timestamp="20200505 15:15:43.088" level="INFO" html="yes">Getting file '&lt;a href="file://c:\qaninja\ninjapixel\resources\fixtures\dk.json"&gt;c:\qaninja\ninjapixel\resources\fixtures\dk.json&lt;/a&gt;'.</msg>
<msg timestamp="20200505 15:15:43.093" level="INFO">${product_file} = {
    "name": "Donkey Kong",
    "cat": "Super Nintendo",
    "price": "49.99",
    "desc": "Um jogo muito divertido!",
    "producers": ["rare", "Nintendo"],
    "image": "donkey-kong.jpg"
}</msg>
<status status="PASS" starttime="20200505 15:15:43.087" endtime="20200505 15:15:43.093"></status>
</kw>
<kw name="Evaluate" library="BuiltIn">
<doc>Evaluates the given expression in Python and returns the results.</doc>
<arguments>
<arg>json.loads($product_file)</arg>
<arg>json</arg>
</arguments>
<assign>
<var>${product_json}</var>
</assign>
<msg timestamp="20200505 15:15:43.094" level="INFO">${product_json} = {'name': 'Donkey Kong', 'cat': 'Super Nintendo', 'price': '49.99', 'desc': 'Um jogo muito divertido!', 'producers': ['rare', 'Nintendo'], 'image': 'donkey-kong.jpg'}</msg>
<status status="PASS" starttime="20200505 15:15:43.093" endtime="20200505 15:15:43.094"></status>
</kw>
<kw name="Remove Product By Name" library="db">
<arguments>
<arg>${product_json['name']}</arg>
</arguments>
<status status="PASS" starttime="20200505 15:15:43.094" endtime="20200505 15:15:43.109"></status>
</kw>
<kw name="Create New Product" library="ProductPage">
<arguments>
<arg>${product_json}</arg>
</arguments>
<kw name="Click Element" library="SeleniumLibrary">
<doc>Click the element identified by ``locator``.</doc>
<arguments>
<arg>class:product-add</arg>
</arguments>
<msg timestamp="20200505 15:15:43.109" level="INFO">Clicking element 'class:product-add'.</msg>
<status status="PASS" starttime="20200505 15:15:43.109" endtime="20200505 15:15:43.526"></status>
</kw>
<kw name="Input Text" library="SeleniumLibrary">
<doc>Types the given ``text`` into the text field identified by ``locator``.</doc>
<arguments>
<arg>css:input[name=title]</arg>
<arg>${product_json['name']}</arg>
</arguments>
<msg timestamp="20200505 15:15:43.526" level="INFO">Typing text 'Donkey Kong' into text field 'css:input[name=title]'.</msg>
<status status="PASS" starttime="20200505 15:15:43.526" endtime="20200505 15:15:43.986"></status>
</kw>
<kw name="Select Category" library="ProductPage">
<arguments>
<arg>${product_json['cat']}</arg>
</arguments>
<kw name="Click Element" library="SeleniumLibrary">
<doc>Click the element identified by ``locator``.</doc>
<arguments>
<arg>css:input[placeholder=Gategoria]</arg>
</arguments>
<msg timestamp="20200505 15:15:43.987" level="INFO">Clicking element 'css:input[placeholder=Gategoria]'.</msg>
<status status="PASS" starttime="20200505 15:15:43.987" endtime="20200505 15:15:44.052"></status>
</kw>
<kw name="Wait Until Element Is Visible" library="SeleniumLibrary">
<doc>Waits until the element ``locator`` is visible.</doc>
<arguments>
<arg>class:el-select-dropdown__list</arg>
</arguments>
<status status="PASS" starttime="20200505 15:15:44.052" endtime="20200505 15:15:44.300"></status>
</kw>
<kw name="Click Element" library="SeleniumLibrary">
<doc>Click the element identified by ``locator``.</doc>
<arguments>
<arg>xpath://li/span[text()='${cat}']</arg>
</arguments>
<msg timestamp="20200505 15:15:44.301" level="INFO">Clicking element 'xpath://li/span[text()='Super Nintendo']'.</msg>
<status status="PASS" starttime="20200505 15:15:44.300" endtime="20200505 15:15:44.360"></status>
</kw>
<status status="PASS" starttime="20200505 15:15:43.986" endtime="20200505 15:15:44.361"></status>
</kw>
<kw name="Input Text" library="SeleniumLibrary">
<doc>Types the given ``text`` into the text field identified by ``locator``.</doc>
<arguments>
<arg>css:input[name=price]</arg>
<arg>${product_json['price']}</arg>
</arguments>
<msg timestamp="20200505 15:15:44.361" level="INFO">Typing text '49.99' into text field 'css:input[name=price]'.</msg>
<status status="PASS" starttime="20200505 15:15:44.361" endtime="20200505 15:15:44.455"></status>
</kw>
<kw name="Input Producers" library="ProductPage">
<arguments>
<arg>${product_json['producers']}</arg>
</arguments>
<kw name="${item} IN [ @{producers} ]" type="for">
<kw name="${item} = rare" type="foritem">
<kw name="Log" library="BuiltIn">
<doc>Logs the given message with the given level.</doc>
<arguments>
<arg>${item}</arg>
</arguments>
<msg timestamp="20200505 15:15:44.455" level="INFO">rare</msg>
<status status="PASS" starttime="20200505 15:15:44.455" endtime="20200505 15:15:44.456"></status>
</kw>
<kw name="Input Text" library="SeleniumLibrary">
<doc>Types the given ``text`` into the text field identified by ``locator``.</doc>
<arguments>
<arg>class:producers</arg>
<arg>${item}</arg>
</arguments>
<msg timestamp="20200505 15:15:44.456" level="INFO">Typing text 'rare' into text field 'class:producers'.</msg>
<status status="PASS" starttime="20200505 15:15:44.456" endtime="20200505 15:15:44.556"></status>
</kw>
<kw name="Press Keys" library="SeleniumLibrary">
<doc>Simulates the user pressing key(s) to an element or on the active browser.</doc>
<arguments>
<arg>class:producers</arg>
<arg>TAB</arg>
</arguments>
<msg timestamp="20200505 15:15:44.556" level="INFO">Sending key(s) ('TAB',) to class:producers element.</msg>
<msg timestamp="20200505 15:15:44.837" level="INFO">Pressing special key TAB to element.</msg>
<msg timestamp="20200505 15:15:44.837" level="INFO">Releasing special key TAB.</msg>
<status status="PASS" starttime="20200505 15:15:44.556" endtime="20200505 15:15:44.850"></status>
</kw>
<status status="PASS" starttime="20200505 15:15:44.455" endtime="20200505 15:15:44.850"></status>
</kw>
<kw name="${item} = Nintendo" type="foritem">
<kw name="Log" library="BuiltIn">
<doc>Logs the given message with the given level.</doc>
<arguments>
<arg>${item}</arg>
</arguments>
<msg timestamp="20200505 15:15:44.850" level="INFO">Nintendo</msg>
<status status="PASS" starttime="20200505 15:15:44.850" endtime="20200505 15:15:44.850"></status>
</kw>
<kw name="Input Text" library="SeleniumLibrary">
<doc>Types the given ``text`` into the text field identified by ``locator``.</doc>
<arguments>
<arg>class:producers</arg>
<arg>${item}</arg>
</arguments>
<msg timestamp="20200505 15:15:44.851" level="INFO">Typing text 'Nintendo' into text field 'class:producers'.</msg>
<status status="PASS" starttime="20200505 15:15:44.850" endtime="20200505 15:15:44.952"></status>
</kw>
<kw name="Press Keys" library="SeleniumLibrary">
<doc>Simulates the user pressing key(s) to an element or on the active browser.</doc>
<arguments>
<arg>class:producers</arg>
<arg>TAB</arg>
</arguments>
<msg timestamp="20200505 15:15:44.953" level="INFO">Sending key(s) ('TAB',) to class:producers element.</msg>
<msg timestamp="20200505 15:15:45.249" level="INFO">Pressing special key TAB to element.</msg>
<msg timestamp="20200505 15:15:45.249" level="INFO">Releasing special key TAB.</msg>
<status status="PASS" starttime="20200505 15:15:44.953" endtime="20200505 15:15:45.268"></status>
</kw>
<status status="PASS" starttime="20200505 15:15:44.850" endtime="20200505 15:15:45.268"></status>
</kw>
<status status="PASS" starttime="20200505 15:15:44.455" endtime="20200505 15:15:45.268"></status>
</kw>
<status status="PASS" starttime="20200505 15:15:44.455" endtime="20200505 15:15:45.268"></status>
</kw>
<kw name="Input Text" library="SeleniumLibrary">
<doc>Types the given ``text`` into the text field identified by ``locator``.</doc>
<arguments>
<arg>css:textarea[name=description]</arg>
<arg>${product_json['desc']}</arg>
</arguments>
<msg timestamp="20200505 15:15:45.268" level="INFO">Typing text 'Um jogo muito divertido!' into text field 'css:textarea[name=description]'.</msg>
<status status="PASS" starttime="20200505 15:15:45.268" endtime="20200505 15:15:45.453"></status>
</kw>
<kw name="Upload Photo" library="ProductPage">
<arguments>
<arg>${product_json['image']}</arg>
</arguments>
<kw name="Set Variable" library="BuiltIn">
<doc>Returns the given values which can then be assigned to a variables.</doc>
<arguments>
<arg>${EXECDIR}/resources/fixtures/images/${image}</arg>
</arguments>
<assign>
<var>${file}</var>
</assign>
<msg timestamp="20200505 15:15:45.453" level="INFO">${file} = c:\qaninja\ninjapixel/resources/fixtures/images/donkey-kong.jpg</msg>
<status status="PASS" starttime="20200505 15:15:45.453" endtime="20200505 15:15:45.453"></status>
</kw>
<kw name="Choose File" library="SeleniumLibrary">
<doc>Inputs the ``file_path`` into the file input field ``locator``.</doc>
<arguments>
<arg>id:upcover</arg>
<arg>${file}</arg>
</arguments>
<msg timestamp="20200505 15:15:45.454" level="INFO">Sending c:\qaninja\ninjapixel\resources\fixtures\images\donkey-kong.jpg to browser.</msg>
<status status="PASS" starttime="20200505 15:15:45.454" endtime="20200505 15:15:45.492"></status>
</kw>
<status status="PASS" starttime="20200505 15:15:45.453" endtime="20200505 15:15:45.493"></status>
</kw>
<kw name="Click Element" library="SeleniumLibrary">
<doc>Click the element identified by ``locator``.</doc>
<arguments>
<arg>css:#create-product</arg>
</arguments>
<msg timestamp="20200505 15:15:45.493" level="INFO">Clicking element 'css:#create-product'.</msg>
<status status="PASS" starttime="20200505 15:15:45.493" endtime="20200505 15:15:45.542"></status>
</kw>
<status status="PASS" starttime="20200505 15:15:43.109" endtime="20200505 15:15:45.542"></status>
</kw>
<kw name="Set Test Variable" library="BuiltIn">
<doc>Makes a variable available everywhere within the scope of the current test.</doc>
<arguments>
<arg>${product_json}</arg>
</arguments>
<msg timestamp="20200505 15:15:45.542" level="INFO">${product_json} = {'name': 'Donkey Kong', 'cat': 'Super Nintendo', 'price': '49.99', 'desc': 'Um jogo muito divertido!', 'producers': ['rare', 'Nintendo'], 'image': 'donkey-kong.jpg'}</msg>
<status status="PASS" starttime="20200505 15:15:45.542" endtime="20200505 15:15:45.542"></status>
</kw>
<status status="PASS" starttime="20200505 15:15:43.087" endtime="20200505 15:15:45.542"></status>
</kw>
<kw name="Então devo ver esse item no catálogo" library="actions">
<kw name="Sleep" library="BuiltIn">
<doc>Pauses the test executed for the given time.</doc>
<arguments>
<arg>5</arg>
</arguments>
<msg timestamp="20200505 15:15:50.545" level="INFO">Slept 5 seconds</msg>
<status status="PASS" starttime="20200505 15:15:45.544" endtime="20200505 15:15:50.545"></status>
</kw>
<kw name="Table Should Contain" library="SeleniumLibrary">
<doc>Verifies table contains text ``expected``.</doc>
<arguments>
<arg>class:table</arg>
<arg>${product_json['name']}</arg>
</arguments>
<status status="PASS" starttime="20200505 15:15:50.545" endtime="20200505 15:15:50.891"></status>
</kw>
<status status="PASS" starttime="20200505 15:15:45.543" endtime="20200505 15:15:50.891"></status>
</kw>
<kw name="Close Session" library="BasePage" type="teardown">
<kw name="Capture Page Screenshot" library="SeleniumLibrary">
<doc>Takes a screenshot of the current page and embeds it into a log file.</doc>
<msg timestamp="20200505 15:15:51.179" level="INFO" html="yes">&lt;/td&gt;&lt;/tr&gt;&lt;tr&gt;&lt;td colspan="3"&gt;&lt;a href="selenium-screenshot-25.png"&gt;&lt;img src="selenium-screenshot-25.png" width="800px"&gt;&lt;/a&gt;</msg>
<status status="PASS" starttime="20200505 15:15:50.892" endtime="20200505 15:15:51.179"></status>
</kw>
<kw name="Close Browser" library="SeleniumLibrary">
<doc>Closes the current browser.</doc>
<status status="PASS" starttime="20200505 15:15:51.180" endtime="20200505 15:15:53.305"></status>
</kw>
<status status="PASS" starttime="20200505 15:15:50.892" endtime="20200505 15:15:53.305"></status>
</kw>
<status status="PASS" starttime="20200505 15:15:34.948" endtime="20200505 15:15:53.306" critical="yes"></status>
</test>
<doc>Cadastro de produtos
Sendo um administrador de catálogo
Quero cadastrar produtos
Para que eu possa disponibiliza-los na loja virtual</doc>
<status status="PASS" starttime="20200505 15:15:34.764" endtime="20200505 15:15:53.308"></status>
</suite>
<suite id="s1-s2" name="Login" source="c:\qaninja\ninjapixel\tests\login.robot">
<test id="s1-s2-t1" name="Login com sucesso">
<kw name="Dado que eu acesso a página de login" library="actions">
<kw name="Open Session" library="BasePage">
<kw name="Open Chrome" library="BasePage">
<kw name="Open Browser" library="SeleniumLibrary">
<doc>Opens a new browser instance to the optional ``url``.</doc>
<arguments>
<arg>${base_url}/login</arg>
<arg>chrome</arg>
<arg>options=add_experimental_option('excludeSwitches', ['enable-logging'])</arg>
</arguments>
<msg timestamp="20200505 15:15:53.317" level="INFO">Opening browser 'chrome' to base url 'http://pixel-web:3000/login'.</msg>
<status status="PASS" starttime="20200505 15:15:53.316" endtime="20200505 15:15:57.676"></status>
</kw>
<status status="PASS" starttime="20200505 15:15:53.316" endtime="20200505 15:15:57.676"></status>
</kw>
<kw name="Set Selenium Implicit Wait" library="SeleniumLibrary">
<doc>Sets the implicit wait value used by Selenium.</doc>
<arguments>
<arg>5</arg>
</arguments>
<status status="PASS" starttime="20200505 15:15:57.676" endtime="20200505 15:15:57.678"></status>
</kw>
<kw name="Set Window Size" library="SeleniumLibrary">
<doc>Sets current windows size to given ``width`` and ``height``.</doc>
<arguments>
<arg>1280</arg>
<arg>800</arg>
</arguments>
<status status="PASS" starttime="20200505 15:15:57.678" endtime="20200505 15:15:59.802"></status>
</kw>
<status status="PASS" starttime="20200505 15:15:53.316" endtime="20200505 15:15:59.802"></status>
</kw>
<status status="PASS" starttime="20200505 15:15:53.316" endtime="20200505 15:15:59.802"></status>
</kw>
<kw name="Quando eu submeto minhas credenciais &quot;papito@ninjapixel.com&quot; e &quot;pwd123&quot;" library="actions">
<kw name="Login Com" library="LoginPage">
<arguments>
<arg>${email}</arg>
<arg>${pass}</arg>
</arguments>
<kw name="Input Text" library="SeleniumLibrary">
<doc>Types the given ``text`` into the text field identified by ``locator``.</doc>
<arguments>
<arg>id:emailId</arg>
<arg>${email}</arg>
</arguments>
<msg timestamp="20200505 15:15:59.804" level="INFO">Typing text 'papito@ninjapixel.com' into text field 'id:emailId'.</msg>
<status status="PASS" starttime="20200505 15:15:59.804" endtime="20200505 15:15:59.968"></status>
</kw>
<kw name="Input Text" library="SeleniumLibrary">
<doc>Types the given ``text`` into the text field identified by ``locator``.</doc>
<arguments>
<arg>id:passId</arg>
<arg>${pass}</arg>
</arguments>
<msg timestamp="20200505 15:15:59.969" level="INFO">Typing text 'pwd123' into text field 'id:passId'.</msg>
<status status="PASS" starttime="20200505 15:15:59.969" endtime="20200505 15:16:00.054"></status>
</kw>
<kw name="Click Element" library="SeleniumLibrary">
<doc>Click the element identified by ``locator``.</doc>
<arguments>
<arg>class:btn</arg>
</arguments>
<msg timestamp="20200505 15:16:00.055" level="INFO">Clicking element 'class:btn'.</msg>
<status status="PASS" starttime="20200505 15:16:00.054" endtime="20200505 15:16:00.106"></status>
</kw>
<status status="PASS" starttime="20200505 15:15:59.803" endtime="20200505 15:16:00.106"></status>
</kw>
<status status="PASS" starttime="20200505 15:15:59.803" endtime="20200505 15:16:00.106"></status>
</kw>
<kw name="Entao devo ser autenticado" library="actions">
<kw name="Wait Until Element Is Visible" library="SeleniumLibrary">
<doc>Waits until the element ``locator`` is visible.</doc>
<arguments>
<arg>${LOGGED_USER}</arg>
</arguments>
<status status="PASS" starttime="20200505 15:16:00.107" endtime="20200505 15:16:00.459"></status>
</kw>
<kw name="Element Text Should Be" library="SeleniumLibrary">
<doc>Verifies that element ``locator`` contains exact the text ``expected``.</doc>
<arguments>
<arg>${LOGGED_USER}</arg>
<arg>Papito</arg>
</arguments>
<msg timestamp="20200505 15:16:00.459" level="INFO">Verifying element 'css:.user .info span' contains exact text 'Papito'.</msg>
<status status="PASS" starttime="20200505 15:16:00.459" endtime="20200505 15:16:00.482"></status>
</kw>
<status status="PASS" starttime="20200505 15:16:00.107" endtime="20200505 15:16:00.482"></status>
</kw>
<kw name="Close Session" library="BasePage" type="teardown">
<kw name="Capture Page Screenshot" library="SeleniumLibrary">
<doc>Takes a screenshot of the current page and embeds it into a log file.</doc>
<msg timestamp="20200505 15:16:00.855" level="INFO" html="yes">&lt;/td&gt;&lt;/tr&gt;&lt;tr&gt;&lt;td colspan="3"&gt;&lt;a href="selenium-screenshot-26.png"&gt;&lt;img src="selenium-screenshot-26.png" width="800px"&gt;&lt;/a&gt;</msg>
<status status="PASS" starttime="20200505 15:16:00.483" endtime="20200505 15:16:00.855"></status>
</kw>
<kw name="Close Browser" library="SeleniumLibrary">
<doc>Closes the current browser.</doc>
<status status="PASS" starttime="20200505 15:16:00.855" endtime="20200505 15:16:02.993"></status>
</kw>
<status status="PASS" starttime="20200505 15:16:00.482" endtime="20200505 15:16:02.993"></status>
</kw>
<tags>
<tag>login</tag>
</tags>
<status status="PASS" starttime="20200505 15:15:53.316" endtime="20200505 15:16:02.995" critical="yes"></status>
</test>
<test id="s1-s2-t2" name="Senha incorreta">
<kw name="Tentativa de login">
<arguments>
<arg>papito@ninjapixel.com</arg>
<arg>abc123</arg>
<arg>Usuário e/ou senha inválidos</arg>
</arguments>
<kw name="Dado que eu acesso a página de login" library="actions">
<kw name="Open Session" library="BasePage">
<kw name="Open Chrome" library="BasePage">
<kw name="Open Browser" library="SeleniumLibrary">
<doc>Opens a new browser instance to the optional ``url``.</doc>
<arguments>
<arg>${base_url}/login</arg>
<arg>chrome</arg>
<arg>options=add_experimental_option('excludeSwitches', ['enable-logging'])</arg>
</arguments>
<msg timestamp="20200505 15:16:03.005" level="INFO">Opening browser 'chrome' to base url 'http://pixel-web:3000/login'.</msg>
<status status="PASS" starttime="20200505 15:16:03.004" endtime="20200505 15:16:07.392"></status>
</kw>
<status status="PASS" starttime="20200505 15:16:03.004" endtime="20200505 15:16:07.393"></status>
</kw>
<kw name="Set Selenium Implicit Wait" library="SeleniumLibrary">
<doc>Sets the implicit wait value used by Selenium.</doc>
<arguments>
<arg>5</arg>
</arguments>
<status status="PASS" starttime="20200505 15:16:07.393" endtime="20200505 15:16:07.395"></status>
</kw>
<kw name="Set Window Size" library="SeleniumLibrary">
<doc>Sets current windows size to given ``width`` and ``height``.</doc>
<arguments>
<arg>1280</arg>
<arg>800</arg>
</arguments>
<status status="PASS" starttime="20200505 15:16:07.395" endtime="20200505 15:16:09.517"></status>
</kw>
<status status="PASS" starttime="20200505 15:16:03.004" endtime="20200505 15:16:09.517"></status>
</kw>
<status status="PASS" starttime="20200505 15:16:03.004" endtime="20200505 15:16:09.517"></status>
</kw>
<kw name="Quando eu submeto minhas credenciais &quot;${email}&quot; e &quot;${pass}&quot;" library="actions">
<kw name="Login Com" library="LoginPage">
<arguments>
<arg>${email}</arg>
<arg>${pass}</arg>
</arguments>
<kw name="Input Text" library="SeleniumLibrary">
<doc>Types the given ``text`` into the text field identified by ``locator``.</doc>
<arguments>
<arg>id:emailId</arg>
<arg>${email}</arg>
</arguments>
<msg timestamp="20200505 15:16:09.518" level="INFO">Typing text 'papito@ninjapixel.com' into text field 'id:emailId'.</msg>
<status status="PASS" starttime="20200505 15:16:09.518" endtime="20200505 15:16:09.653"></status>
</kw>
<kw name="Input Text" library="SeleniumLibrary">
<doc>Types the given ``text`` into the text field identified by ``locator``.</doc>
<arguments>
<arg>id:passId</arg>
<arg>${pass}</arg>
</arguments>
<msg timestamp="20200505 15:16:09.653" level="INFO">Typing text 'abc123' into text field 'id:passId'.</msg>
<status status="PASS" starttime="20200505 15:16:09.653" endtime="20200505 15:16:09.737"></status>
</kw>
<kw name="Click Element" library="SeleniumLibrary">
<doc>Click the element identified by ``locator``.</doc>
<arguments>
<arg>class:btn</arg>
</arguments>
<msg timestamp="20200505 15:16:09.737" level="INFO">Clicking element 'class:btn'.</msg>
<status status="PASS" starttime="20200505 15:16:09.737" endtime="20200505 15:16:09.791"></status>
</kw>
<status status="PASS" starttime="20200505 15:16:09.517" endtime="20200505 15:16:09.792"></status>
</kw>
<status status="PASS" starttime="20200505 15:16:09.517" endtime="20200505 15:16:09.792"></status>
</kw>
<kw name="Entao devo ver uma mensagem de alerta &quot;${saida}&quot;" library="actions">
<kw name="Wait Until Element Contains" library="SeleniumLibrary">
<doc>Waits until the element ``locator`` contains ``text``.</doc>
<arguments>
<arg>class:alert</arg>
<arg>${expect_message}</arg>
</arguments>
<status status="PASS" starttime="20200505 15:16:09.792" endtime="20200505 15:16:10.032"></status>
</kw>
<status status="PASS" starttime="20200505 15:16:09.792" endtime="20200505 15:16:10.032"></status>
</kw>
<status status="PASS" starttime="20200505 15:16:03.004" endtime="20200505 15:16:10.032"></status>
</kw>
<kw name="Close Session" library="BasePage" type="teardown">
<kw name="Capture Page Screenshot" library="SeleniumLibrary">
<doc>Takes a screenshot of the current page and embeds it into a log file.</doc>
<msg timestamp="20200505 15:16:10.631" level="INFO" html="yes">&lt;/td&gt;&lt;/tr&gt;&lt;tr&gt;&lt;td colspan="3"&gt;&lt;a href="selenium-screenshot-27.png"&gt;&lt;img src="selenium-screenshot-27.png" width="800px"&gt;&lt;/a&gt;</msg>
<status status="PASS" starttime="20200505 15:16:10.033" endtime="20200505 15:16:10.631"></status>
</kw>
<kw name="Close Browser" library="SeleniumLibrary">
<doc>Closes the current browser.</doc>
<status status="PASS" starttime="20200505 15:16:10.631" endtime="20200505 15:16:12.759"></status>
</kw>
<status status="PASS" starttime="20200505 15:16:10.033" endtime="20200505 15:16:12.759"></status>
</kw>
<status status="PASS" starttime="20200505 15:16:03.003" endtime="20200505 15:16:12.761" critical="yes"></status>
</test>
<test id="s1-s2-t3" name="Email não existe">
<kw name="Tentativa de login">
<arguments>
<arg>xxx@ninjapixel.com</arg>
<arg>abc123</arg>
<arg>Usuário e/ou senha inválidos</arg>
</arguments>
<kw name="Dado que eu acesso a página de login" library="actions">
<kw name="Open Session" library="BasePage">
<kw name="Open Chrome" library="BasePage">
<kw name="Open Browser" library="SeleniumLibrary">
<doc>Opens a new browser instance to the optional ``url``.</doc>
<arguments>
<arg>${base_url}/login</arg>
<arg>chrome</arg>
<arg>options=add_experimental_option('excludeSwitches', ['enable-logging'])</arg>
</arguments>
<msg timestamp="20200505 15:16:12.776" level="INFO">Opening browser 'chrome' to base url 'http://pixel-web:3000/login'.</msg>
<status status="PASS" starttime="20200505 15:16:12.775" endtime="20200505 15:16:17.109"></status>
</kw>
<status status="PASS" starttime="20200505 15:16:12.774" endtime="20200505 15:16:17.110"></status>
</kw>
<kw name="Set Selenium Implicit Wait" library="SeleniumLibrary">
<doc>Sets the implicit wait value used by Selenium.</doc>
<arguments>
<arg>5</arg>
</arguments>
<status status="PASS" starttime="20200505 15:16:17.110" endtime="20200505 15:16:17.111"></status>
</kw>
<kw name="Set Window Size" library="SeleniumLibrary">
<doc>Sets current windows size to given ``width`` and ``height``.</doc>
<arguments>
<arg>1280</arg>
<arg>800</arg>
</arguments>
<status status="PASS" starttime="20200505 15:16:17.112" endtime="20200505 15:16:19.236"></status>
</kw>
<status status="PASS" starttime="20200505 15:16:12.773" endtime="20200505 15:16:19.236"></status>
</kw>
<status status="PASS" starttime="20200505 15:16:12.772" endtime="20200505 15:16:19.236"></status>
</kw>
<kw name="Quando eu submeto minhas credenciais &quot;${email}&quot; e &quot;${pass}&quot;" library="actions">
<kw name="Login Com" library="LoginPage">
<arguments>
<arg>${email}</arg>
<arg>${pass}</arg>
</arguments>
<kw name="Input Text" library="SeleniumLibrary">
<doc>Types the given ``text`` into the text field identified by ``locator``.</doc>
<arguments>
<arg>id:emailId</arg>
<arg>${email}</arg>
</arguments>
<msg timestamp="20200505 15:16:19.237" level="INFO">Typing text 'xxx@ninjapixel.com' into text field 'id:emailId'.</msg>
<status status="PASS" starttime="20200505 15:16:19.237" endtime="20200505 15:16:19.366"></status>
</kw>
<kw name="Input Text" library="SeleniumLibrary">
<doc>Types the given ``text`` into the text field identified by ``locator``.</doc>
<arguments>
<arg>id:passId</arg>
<arg>${pass}</arg>
</arguments>
<msg timestamp="20200505 15:16:19.366" level="INFO">Typing text 'abc123' into text field 'id:passId'.</msg>
<status status="PASS" starttime="20200505 15:16:19.366" endtime="20200505 15:16:19.457"></status>
</kw>
<kw name="Click Element" library="SeleniumLibrary">
<doc>Click the element identified by ``locator``.</doc>
<arguments>
<arg>class:btn</arg>
</arguments>
<msg timestamp="20200505 15:16:19.457" level="INFO">Clicking element 'class:btn'.</msg>
<status status="PASS" starttime="20200505 15:16:19.457" endtime="20200505 15:16:19.507"></status>
</kw>
<status status="PASS" starttime="20200505 15:16:19.237" endtime="20200505 15:16:19.507"></status>
</kw>
<status status="PASS" starttime="20200505 15:16:19.236" endtime="20200505 15:16:19.508"></status>
</kw>
<kw name="Entao devo ver uma mensagem de alerta &quot;${saida}&quot;" library="actions">
<kw name="Wait Until Element Contains" library="SeleniumLibrary">
<doc>Waits until the element ``locator`` contains ``text``.</doc>
<arguments>
<arg>class:alert</arg>
<arg>${expect_message}</arg>
</arguments>
<status status="PASS" starttime="20200505 15:16:19.508" endtime="20200505 15:16:19.538"></status>
</kw>
<status status="PASS" starttime="20200505 15:16:19.508" endtime="20200505 15:16:19.538"></status>
</kw>
<status status="PASS" starttime="20200505 15:16:12.771" endtime="20200505 15:16:19.538"></status>
</kw>
<kw name="Close Session" library="BasePage" type="teardown">
<kw name="Capture Page Screenshot" library="SeleniumLibrary">
<doc>Takes a screenshot of the current page and embeds it into a log file.</doc>
<msg timestamp="20200505 15:16:20.159" level="INFO" html="yes">&lt;/td&gt;&lt;/tr&gt;&lt;tr&gt;&lt;td colspan="3"&gt;&lt;a href="selenium-screenshot-28.png"&gt;&lt;img src="selenium-screenshot-28.png" width="800px"&gt;&lt;/a&gt;</msg>
<status status="PASS" starttime="20200505 15:16:19.539" endtime="20200505 15:16:20.160"></status>
</kw>
<kw name="Close Browser" library="SeleniumLibrary">
<doc>Closes the current browser.</doc>
<status status="PASS" starttime="20200505 15:16:20.160" endtime="20200505 15:16:22.280"></status>
</kw>
<status status="PASS" starttime="20200505 15:16:19.539" endtime="20200505 15:16:22.280"></status>
</kw>
<status status="PASS" starttime="20200505 15:16:12.769" endtime="20200505 15:16:22.281" critical="yes"></status>
</test>
<test id="s1-s2-t4" name="Email Obrigatorio">
<kw name="Tentativa de login">
<arguments>
<arg>${EMPTY}</arg>
<arg>abc123</arg>
<arg>Opps. Informe o seu email!</arg>
</arguments>
<kw name="Dado que eu acesso a página de login" library="actions">
<kw name="Open Session" library="BasePage">
<kw name="Open Chrome" library="BasePage">
<kw name="Open Browser" library="SeleniumLibrary">
<doc>Opens a new browser instance to the optional ``url``.</doc>
<arguments>
<arg>${base_url}/login</arg>
<arg>chrome</arg>
<arg>options=add_experimental_option('excludeSwitches', ['enable-logging'])</arg>
</arguments>
<msg timestamp="20200505 15:16:22.284" level="INFO">Opening browser 'chrome' to base url 'http://pixel-web:3000/login'.</msg>
<status status="PASS" starttime="20200505 15:16:22.283" endtime="20200505 15:16:26.589"></status>
</kw>
<status status="PASS" starttime="20200505 15:16:22.283" endtime="20200505 15:16:26.590"></status>
</kw>
<kw name="Set Selenium Implicit Wait" library="SeleniumLibrary">
<doc>Sets the implicit wait value used by Selenium.</doc>
<arguments>
<arg>5</arg>
</arguments>
<status status="PASS" starttime="20200505 15:16:26.590" endtime="20200505 15:16:26.591"></status>
</kw>
<kw name="Set Window Size" library="SeleniumLibrary">
<doc>Sets current windows size to given ``width`` and ``height``.</doc>
<arguments>
<arg>1280</arg>
<arg>800</arg>
</arguments>
<status status="PASS" starttime="20200505 15:16:26.591" endtime="20200505 15:16:28.707"></status>
</kw>
<status status="PASS" starttime="20200505 15:16:22.283" endtime="20200505 15:16:28.707"></status>
</kw>
<status status="PASS" starttime="20200505 15:16:22.282" endtime="20200505 15:16:28.707"></status>
</kw>
<kw name="Quando eu submeto minhas credenciais &quot;${email}&quot; e &quot;${pass}&quot;" library="actions">
<kw name="Login Com" library="LoginPage">
<arguments>
<arg>${email}</arg>
<arg>${pass}</arg>
</arguments>
<kw name="Input Text" library="SeleniumLibrary">
<doc>Types the given ``text`` into the text field identified by ``locator``.</doc>
<arguments>
<arg>id:emailId</arg>
<arg>${email}</arg>
</arguments>
<msg timestamp="20200505 15:16:28.708" level="INFO">Typing text '' into text field 'id:emailId'.</msg>
<status status="PASS" starttime="20200505 15:16:28.708" endtime="20200505 15:16:28.768"></status>
</kw>
<kw name="Input Text" library="SeleniumLibrary">
<doc>Types the given ``text`` into the text field identified by ``locator``.</doc>
<arguments>
<arg>id:passId</arg>
<arg>${pass}</arg>
</arguments>
<msg timestamp="20200505 15:16:28.769" level="INFO">Typing text 'abc123' into text field 'id:passId'.</msg>
<status status="PASS" starttime="20200505 15:16:28.768" endtime="20200505 15:16:28.854"></status>
</kw>
<kw name="Click Element" library="SeleniumLibrary">
<doc>Click the element identified by ``locator``.</doc>
<arguments>
<arg>class:btn</arg>
</arguments>
<msg timestamp="20200505 15:16:28.854" level="INFO">Clicking element 'class:btn'.</msg>
<status status="PASS" starttime="20200505 15:16:28.854" endtime="20200505 15:16:28.905"></status>
</kw>
<status status="PASS" starttime="20200505 15:16:28.708" endtime="20200505 15:16:28.905"></status>
</kw>
<status status="PASS" starttime="20200505 15:16:28.707" endtime="20200505 15:16:28.905"></status>
</kw>
<kw name="Entao devo ver uma mensagem de alerta &quot;${saida}&quot;" library="actions">
<kw name="Wait Until Element Contains" library="SeleniumLibrary">
<doc>Waits until the element ``locator`` contains ``text``.</doc>
<arguments>
<arg>class:alert</arg>
<arg>${expect_message}</arg>
</arguments>
<status status="PASS" starttime="20200505 15:16:28.905" endtime="20200505 15:16:28.932"></status>
</kw>
<status status="PASS" starttime="20200505 15:16:28.905" endtime="20200505 15:16:28.932"></status>
</kw>
<status status="PASS" starttime="20200505 15:16:22.282" endtime="20200505 15:16:28.932"></status>
</kw>
<kw name="Close Session" library="BasePage" type="teardown">
<kw name="Capture Page Screenshot" library="SeleniumLibrary">
<doc>Takes a screenshot of the current page and embeds it into a log file.</doc>
<msg timestamp="20200505 15:16:29.564" level="INFO" html="yes">&lt;/td&gt;&lt;/tr&gt;&lt;tr&gt;&lt;td colspan="3"&gt;&lt;a href="selenium-screenshot-29.png"&gt;&lt;img src="selenium-screenshot-29.png" width="800px"&gt;&lt;/a&gt;</msg>
<status status="PASS" starttime="20200505 15:16:28.934" endtime="20200505 15:16:29.564"></status>
</kw>
<kw name="Close Browser" library="SeleniumLibrary">
<doc>Closes the current browser.</doc>
<status status="PASS" starttime="20200505 15:16:29.564" endtime="20200505 15:16:31.696"></status>
</kw>
<status status="PASS" starttime="20200505 15:16:28.933" endtime="20200505 15:16:31.696"></status>
</kw>
<status status="PASS" starttime="20200505 15:16:22.282" endtime="20200505 15:16:31.697" critical="yes"></status>
</test>
<test id="s1-s2-t5" name="Senha Obrigatoria">
<kw name="Tentativa de login">
<arguments>
<arg>papito@ninjapixel.com</arg>
<arg>${EMPTY}</arg>
<arg>Opps. Informe a sua senha!</arg>
</arguments>
<kw name="Dado que eu acesso a página de login" library="actions">
<kw name="Open Session" library="BasePage">
<kw name="Open Chrome" library="BasePage">
<kw name="Open Browser" library="SeleniumLibrary">
<doc>Opens a new browser instance to the optional ``url``.</doc>
<arguments>
<arg>${base_url}/login</arg>
<arg>chrome</arg>
<arg>options=add_experimental_option('excludeSwitches', ['enable-logging'])</arg>
</arguments>
<msg timestamp="20200505 15:16:31.700" level="INFO">Opening browser 'chrome' to base url 'http://pixel-web:3000/login'.</msg>
<status status="PASS" starttime="20200505 15:16:31.700" endtime="20200505 15:16:36.167"></status>
</kw>
<status status="PASS" starttime="20200505 15:16:31.699" endtime="20200505 15:16:36.167"></status>
</kw>
<kw name="Set Selenium Implicit Wait" library="SeleniumLibrary">
<doc>Sets the implicit wait value used by Selenium.</doc>
<arguments>
<arg>5</arg>
</arguments>
<status status="PASS" starttime="20200505 15:16:36.168" endtime="20200505 15:16:36.169"></status>
</kw>
<kw name="Set Window Size" library="SeleniumLibrary">
<doc>Sets current windows size to given ``width`` and ``height``.</doc>
<arguments>
<arg>1280</arg>
<arg>800</arg>
</arguments>
<status status="PASS" starttime="20200505 15:16:36.169" endtime="20200505 15:16:38.285"></status>
</kw>
<status status="PASS" starttime="20200505 15:16:31.699" endtime="20200505 15:16:38.285"></status>
</kw>
<status status="PASS" starttime="20200505 15:16:31.699" endtime="20200505 15:16:38.285"></status>
</kw>
<kw name="Quando eu submeto minhas credenciais &quot;${email}&quot; e &quot;${pass}&quot;" library="actions">
<kw name="Login Com" library="LoginPage">
<arguments>
<arg>${email}</arg>
<arg>${pass}</arg>
</arguments>
<kw name="Input Text" library="SeleniumLibrary">
<doc>Types the given ``text`` into the text field identified by ``locator``.</doc>
<arguments>
<arg>id:emailId</arg>
<arg>${email}</arg>
</arguments>
<msg timestamp="20200505 15:16:38.286" level="INFO">Typing text 'papito@ninjapixel.com' into text field 'id:emailId'.</msg>
<status status="PASS" starttime="20200505 15:16:38.285" endtime="20200505 15:16:38.419"></status>
</kw>
<kw name="Input Text" library="SeleniumLibrary">
<doc>Types the given ``text`` into the text field identified by ``locator``.</doc>
<arguments>
<arg>id:passId</arg>
<arg>${pass}</arg>
</arguments>
<msg timestamp="20200505 15:16:38.419" level="INFO">Typing text '' into text field 'id:passId'.</msg>
<status status="PASS" starttime="20200505 15:16:38.419" endtime="20200505 15:16:38.487"></status>
</kw>
<kw name="Click Element" library="SeleniumLibrary">
<doc>Click the element identified by ``locator``.</doc>
<arguments>
<arg>class:btn</arg>
</arguments>
<msg timestamp="20200505 15:16:38.487" level="INFO">Clicking element 'class:btn'.</msg>
<status status="PASS" starttime="20200505 15:16:38.487" endtime="20200505 15:16:38.535"></status>
</kw>
<status status="PASS" starttime="20200505 15:16:38.285" endtime="20200505 15:16:38.535"></status>
</kw>
<status status="PASS" starttime="20200505 15:16:38.285" endtime="20200505 15:16:38.535"></status>
</kw>
<kw name="Entao devo ver uma mensagem de alerta &quot;${saida}&quot;" library="actions">
<kw name="Wait Until Element Contains" library="SeleniumLibrary">
<doc>Waits until the element ``locator`` contains ``text``.</doc>
<arguments>
<arg>class:alert</arg>
<arg>${expect_message}</arg>
</arguments>
<status status="PASS" starttime="20200505 15:16:38.536" endtime="20200505 15:16:38.558"></status>
</kw>
<status status="PASS" starttime="20200505 15:16:38.535" endtime="20200505 15:16:38.558"></status>
</kw>
<status status="PASS" starttime="20200505 15:16:31.699" endtime="20200505 15:16:38.558"></status>
</kw>
<kw name="Close Session" library="BasePage" type="teardown">
<kw name="Capture Page Screenshot" library="SeleniumLibrary">
<doc>Takes a screenshot of the current page and embeds it into a log file.</doc>
<msg timestamp="20200505 15:16:39.205" level="INFO" html="yes">&lt;/td&gt;&lt;/tr&gt;&lt;tr&gt;&lt;td colspan="3"&gt;&lt;a href="selenium-screenshot-30.png"&gt;&lt;img src="selenium-screenshot-30.png" width="800px"&gt;&lt;/a&gt;</msg>
<status status="PASS" starttime="20200505 15:16:38.559" endtime="20200505 15:16:39.205"></status>
</kw>
<kw name="Close Browser" library="SeleniumLibrary">
<doc>Closes the current browser.</doc>
<status status="PASS" starttime="20200505 15:16:39.205" endtime="20200505 15:16:41.335"></status>
</kw>
<status status="PASS" starttime="20200505 15:16:38.559" endtime="20200505 15:16:41.335"></status>
</kw>
<status status="PASS" starttime="20200505 15:16:31.698" endtime="20200505 15:16:41.336" critical="yes"></status>
</test>
<doc>Login
Sendo um administrador de catálogo
Quero me autenticar no sistema
Para que eu possa gerenciar o catálogo de produtos</doc>
<status status="PASS" starttime="20200505 15:15:53.309" endtime="20200505 15:16:41.339"></status>
</suite>
<status status="PASS" starttime="20200505 15:15:34.742" endtime="20200505 15:16:41.342"></status>
</suite>
<statistics>
<total>
<stat pass="6" fail="0">Critical Tests</stat>
<stat pass="6" fail="0">All Tests</stat>
</total>
<tag>
<stat pass="1" fail="0">login</stat>
</tag>
<suite>
<stat pass="6" fail="0" id="s1" name="Tests">Tests</stat>
<stat pass="1" fail="0" id="s1-s1" name="Cadastro">Tests.Cadastro</stat>
<stat pass="5" fail="0" id="s1-s2" name="Login">Tests.Login</stat>
</suite>
</statistics>
<errors>
</errors>
</robot>
