<?xml version="1.0" encoding="UTF-8"?>
<robot generator="Robot 3.1.2 (Python 3.8.2 on win32)" generated="20200427 16:19:34.853" rpa="false">
<suite id="s1" name="Cadastro" source="c:\qaninja\ninjapixel\tests\cadastro.robot">
<test id="s1-t1" name="Disponibilizar produto">
<kw name="Open" library="BasePage" type="setup">
<kw name="Open Browser" library="SeleniumLibrary">
<doc>Opens a new browser instance to the optional ``url``.</doc>
<arguments>
<arg>http://pixel-web:3000/login</arg>
<arg>chrome</arg>
</arguments>
<msg timestamp="20200427 16:19:35.049" level="INFO">Opening browser 'chrome' to base url 'http://pixel-web:3000/login'.</msg>
<status status="PASS" starttime="20200427 16:19:35.048" endtime="20200427 16:19:39.911"></status>
</kw>
<kw name="Set Selenium Implicit Wait" library="SeleniumLibrary">
<doc>Sets the implicit wait value used by Selenium.</doc>
<arguments>
<arg>5</arg>
</arguments>
<status status="PASS" starttime="20200427 16:19:39.911" endtime="20200427 16:19:39.913"></status>
</kw>
<status status="PASS" starttime="20200427 16:19:35.048" endtime="20200427 16:19:39.913"></status>
</kw>
<kw name="Dado que estou logado">
<kw name="Login Com" library="LoginPage">
<arguments>
<arg>papito@ninjapixel.com</arg>
<arg>pwd123</arg>
</arguments>
<kw name="Input Text" library="SeleniumLibrary">
<doc>Types the given ``text`` into the text field identified by ``locator``.</doc>
<arguments>
<arg>id:emailId</arg>
<arg>${email}</arg>
</arguments>
<msg timestamp="20200427 16:19:39.915" level="INFO">Typing text 'papito@ninjapixel.com' into text field 'id:emailId'.</msg>
<status status="PASS" starttime="20200427 16:19:39.915" endtime="20200427 16:19:40.344"></status>
</kw>
<kw name="Input Text" library="SeleniumLibrary">
<doc>Types the given ``text`` into the text field identified by ``locator``.</doc>
<arguments>
<arg>id:passId</arg>
<arg>${pass}</arg>
</arguments>
<msg timestamp="20200427 16:19:40.344" level="INFO">Typing text 'pwd123' into text field 'id:passId'.</msg>
<status status="PASS" starttime="20200427 16:19:40.344" endtime="20200427 16:19:40.443"></status>
</kw>
<kw name="Click Element" library="SeleniumLibrary">
<doc>Click the element identified by ``locator``.</doc>
<arguments>
<arg>class:btn</arg>
</arguments>
<msg timestamp="20200427 16:19:40.444" level="INFO">Clicking element 'class:btn'.</msg>
<status status="PASS" starttime="20200427 16:19:40.444" endtime="20200427 16:19:40.497"></status>
</kw>
<status status="PASS" starttime="20200427 16:19:39.914" endtime="20200427 16:19:40.498"></status>
</kw>
<status status="PASS" starttime="20200427 16:19:39.914" endtime="20200427 16:19:40.498"></status>
</kw>
<kw name="Quando eu faço o cadastro desse produto">
<arguments>
<arg>${m}</arg>
</arguments>
<kw name="Click Element" library="SeleniumLibrary">
<doc>Click the element identified by ``locator``.</doc>
<arguments>
<arg>class:product-add</arg>
</arguments>
<msg timestamp="20200427 16:19:40.499" level="INFO">Clicking element 'class:product-add'.</msg>
<status status="PASS" starttime="20200427 16:19:40.499" endtime="20200427 16:19:40.915"></status>
</kw>
<kw name="Input Text" library="SeleniumLibrary">
<doc>Types the given ``text`` into the text field identified by ``locator``.</doc>
<arguments>
<arg>css:input[name=title]</arg>
<arg>${produto['nome']}</arg>
</arguments>
<msg timestamp="20200427 16:19:40.915" level="INFO">Typing text 'Mario' into text field 'css:input[name=title]'.</msg>
<status status="PASS" starttime="20200427 16:19:40.915" endtime="20200427 16:19:41.306"></status>
</kw>
<kw name="Click Element" library="SeleniumLibrary">
<doc>Click the element identified by ``locator``.</doc>
<arguments>
<arg>css:input[placeholder=Gategoria]</arg>
</arguments>
<msg timestamp="20200427 16:19:41.306" level="INFO">Clicking element 'css:input[placeholder=Gategoria]'.</msg>
<status status="PASS" starttime="20200427 16:19:41.306" endtime="20200427 16:19:41.388"></status>
</kw>
<kw name="Click Element" library="SeleniumLibrary">
<doc>Click the element identified by ``locator``.</doc>
<arguments>
<arg>xpath://li/span[text()='${produto['cat']}']</arg>
</arguments>
<msg timestamp="20200427 16:19:41.389" level="INFO">Clicking element 'xpath://li/span[text()='Super Nintendo']'.</msg>
<status status="PASS" starttime="20200427 16:19:41.388" endtime="20200427 16:19:41.629"></status>
</kw>
<kw name="Click Element" library="SeleniumLibrary">
<doc>Click the element identified by ``locator``.</doc>
<arguments>
<arg>xpath://li/span[text()='${produto['cat']}']</arg>
</arguments>
<msg timestamp="20200427 16:19:41.629" level="INFO">Clicking element 'xpath://li/span[text()='Super Nintendo']'.</msg>
<status status="PASS" starttime="20200427 16:19:41.629" endtime="20200427 16:19:41.677"></status>
</kw>
<kw name="Input Text" library="SeleniumLibrary">
<doc>Types the given ``text`` into the text field identified by ``locator``.</doc>
<arguments>
<arg>css:input[name=price]</arg>
<arg>${produto['valor']}</arg>
</arguments>
<msg timestamp="20200427 16:19:41.678" level="INFO">Typing text '50' into text field 'css:input[name=price]'.</msg>
<status status="PASS" starttime="20200427 16:19:41.677" endtime="20200427 16:19:41.761"></status>
</kw>
<kw name="Input Text" library="SeleniumLibrary">
<doc>Types the given ``text`` into the text field identified by ``locator``.</doc>
<arguments>
<arg>css:textarea[name=description]</arg>
<arg>${produto['desc']}</arg>
</arguments>
<msg timestamp="20200427 16:19:41.761" level="INFO">Typing text 'muito bom' into text field 'css:textarea[name=description]'.</msg>
<status status="PASS" starttime="20200427 16:19:41.761" endtime="20200427 16:19:41.884"></status>
</kw>
<kw name="Click Element" library="SeleniumLibrary">
<doc>Click the element identified by ``locator``.</doc>
<arguments>
<arg>css:#create-product</arg>
</arguments>
<msg timestamp="20200427 16:19:41.884" level="INFO">Clicking element 'css:#create-product'.</msg>
<status status="PASS" starttime="20200427 16:19:41.884" endtime="20200427 16:19:41.944"></status>
</kw>
<kw name="Sleep" library="BuiltIn">
<doc>Pauses the test executed for the given time.</doc>
<arguments>
<arg>5</arg>
</arguments>
<msg timestamp="20200427 16:19:46.944" level="INFO">Slept 5 seconds</msg>
<status status="PASS" starttime="20200427 16:19:41.944" endtime="20200427 16:19:46.944"></status>
</kw>
<status status="PASS" starttime="20200427 16:19:40.498" endtime="20200427 16:19:46.944"></status>
</kw>
<kw name="Devo ver esse item no catálogo">
<kw name="Click Element" library="SeleniumLibrary">
<doc>Click the element identified by ``locator``.</doc>
<arguments>
<arg>xpath://td[text()='${produto['nome']}']</arg>
</arguments>
<msg timestamp="20200427 16:19:46.946" level="FAIL">Resolving variable '${produto['nome']}' failed: Variable '${produto}' not found.</msg>
<status status="FAIL" starttime="20200427 16:19:46.945" endtime="20200427 16:19:46.946"></status>
</kw>
<status status="FAIL" starttime="20200427 16:19:46.945" endtime="20200427 16:19:46.946"></status>
</kw>
<kw name="Close" library="BasePage" type="teardown">
<kw name="Close Browser" library="SeleniumLibrary">
<doc>Closes the current browser.</doc>
<status status="PASS" starttime="20200427 16:19:46.947" endtime="20200427 16:19:49.090"></status>
</kw>
<status status="PASS" starttime="20200427 16:19:46.947" endtime="20200427 16:19:49.091"></status>
</kw>
<status status="FAIL" starttime="20200427 16:19:35.047" endtime="20200427 16:19:49.092" critical="yes">Resolving variable '${produto['nome']}' failed: Variable '${produto}' not found.</status>
</test>
<doc>Cadastro de produtos
Sendo um administrador de catálogo
Quero cadastrar produtos
Para que eu possa disponibiliza-los na loja virtual</doc>
<status status="FAIL" starttime="20200427 16:19:34.855" endtime="20200427 16:19:49.099"></status>
</suite>
<statistics>
<total>
<stat pass="0" fail="1">Critical Tests</stat>
<stat pass="0" fail="1">All Tests</stat>
</total>
<tag>
</tag>
<suite>
<stat pass="0" fail="1" id="s1" name="Cadastro">Cadastro</stat>
</suite>
</statistics>
<errors>
</errors>
</robot>
